Getting constants...
Retraining...
Training for 2025-01-01T00:00:00Z
Training for 2025-01-02T00:00:00Z
Training for 2025-01-03T00:00:00Z
Training for 2025-01-04T00:00:00Z
Training for 2025-01-05T00:00:00Z
Training for 2025-01-06T00:00:00Z
Training for 2025-01-07T00:00:00Z
Training for 2025-01-08T00:00:00Z
Training for 2025-01-09T00:00:00Z
Training for 2025-01-10T00:00:00Z
Training for 2025-01-11T00:00:00Z
Training for 2025-01-12T00:00:00Z
Training for 2025-01-13T00:00:00Z
Training for 2025-01-14T00:00:00Z
Training for 2025-01-15T00:00:00Z
Training for 2025-01-16T00:00:00Z
Training for 2025-01-17T00:00:00Z
Training for 2025-01-19T00:00:00Z
Training for 2025-01-20T00:00:00Z
Training for 2025-01-21T00:00:00Z
Training for 2025-01-22T00:00:00Z
Training for 2025-01-23T00:00:00Z
Training for 2025-01-18T00:00:00Z
Training for 2025-01-25T00:00:00ZTraining for
 2025-01-24T00:00:00Z
Training for 2025-01-26T00:00:00Z
Training for 2025-01-27T00:00:00Z
Training for 2025-01-28T00:00:00Z
Training for 2025-01-29T00:00:00Z
Training for 2025-01-30T00:00:00Z
Training for 2025-01-31T00:00:00Z
Finished training
(array([5.79774612e-06, 1.99425480e-05, 5.58336037e-05, 1.04797737e-04,
       4.82188983e-05]), 0.20322493125399155)
