Getting constants...
Retraining...
Training for 2025-03-01T00:00:00Z
Training for 2025-03-02T00:00:00Z
Training for 2025-03-03T00:00:00Z
Training for 2025-03-04T00:00:00Z
Training for 2025-03-05T00:00:00Z
Training for 2025-03-06T00:00:00Z
Training for 2025-03-07T00:00:00Z
Training for 2025-03-08T00:00:00Z
Training for 2025-03-09T00:00:00Z
Training for 2025-03-10T00:00:00Z
Training for 2025-03-11T00:00:00Z
Training for 2025-03-12T00:00:00Z
Training for 2025-03-13T00:00:00Z
Training for 2025-03-14T00:00:00Z
Training for 2025-03-15T00:00:00Z
Training for 2025-03-16T00:00:00Z
Training for 2025-03-17T00:00:00Z
Training for 2025-03-19T00:00:00Z
Training for 2025-03-18T00:00:00Z
Training for 2025-03-21T00:00:00Z
Training for 2025-03-20T00:00:00Z
Training for 2025-03-22T00:00:00Z
Training for 2025-03-23T00:00:00Z
Training for 2025-03-24T00:00:00Z
Training for 2025-03-25T00:00:00Z
Training for 2025-03-26T00:00:00Z
Training forTraining for  2025-03-27T00:00:00Z2025-03-28T00:00:00Z

Training for 2025-03-30T00:00:00Z
Training for 2025-03-29T00:00:00Z
Training for 2025-03-31T00:00:00Z
Finished training
(array([-1.22166342e-05,  1.65530771e-05,  8.58597023e-05,  8.67833654e-05,
       -1.20087226e-04]), 0.17023962633984704)
