Getting constants...
Retraining...
Training for 2025-02-01T00:00:00Z
Training for 2025-02-02T00:00:00Z
Training for 2025-02-03T00:00:00Z
Training for 2025-02-04T00:00:00Z
Training for 2025-02-05T00:00:00Z
Training for 2025-02-06T00:00:00Z
Training for 2025-02-07T00:00:00Z
Training for 2025-02-08T00:00:00Z
Training for 2025-02-09T00:00:00Z
Training for 2025-02-10T00:00:00Z
Training for 2025-02-11T00:00:00Z
Training for 2025-02-12T00:00:00Z
Training for 2025-02-13T00:00:00Z
Training for 2025-02-14T00:00:00Z
Training for 2025-02-15T00:00:00Z
Training for 2025-02-16T00:00:00Z
Training for 2025-02-17T00:00:00Z
Training for 2025-02-19T00:00:00Z
Training for 2025-02-20T00:00:00Z
Training for 2025-02-21T00:00:00Z
Training for 2025-02-22T00:00:00Z
Training for 2025-02-18T00:00:00Z
Training for 2025-02-23T00:00:00Z
Training for 2025-02-24T00:00:00Z
Training for 2025-02-25T00:00:00Z
Training for 2025-02-26T00:00:00Z
Training for 2025-02-27T00:00:00Z
Training for 2025-02-28T00:00:00Z
Finished training
(array([ 1.36478552e-05, -7.82717691e-05,  9.24210671e-05,  1.12647841e-04,
        8.49593723e-05]), 0.10903375370461228)
