Getting constants...
Retraining...
Training for 2025-01-01T00:00:00Z
Training for 2025-01-02T00:00:00Z
Training for 2025-01-03T00:00:00Z
Training for 2025-01-04T00:00:00Z
Training for 2025-01-05T00:00:00Z
Training for 2025-01-06T00:00:00Z
Training for 2025-01-07T00:00:00Z
Training for 2025-01-08T00:00:00Z
Training for 2025-01-09T00:00:00Z
Training for 2025-01-10T00:00:00Z
Training for 2025-01-11T00:00:00Z
Training for 2025-01-12T00:00:00Z
Training for 2025-01-13T00:00:00Z
Training for 2025-01-14T00:00:00Z
Training for 2025-01-15T00:00:00Z
Training for 2025-01-16T00:00:00Z
Training for 2025-01-17T00:00:00Z
Training for 2025-01-19T00:00:00Z
Training for 2025-01-20T00:00:00Z
Training for 2025-01-21T00:00:00Z
Training forTraining for Training for 2025-01-22T00:00:00Z 2025-01-18T00:00:00Z
2025-01-23T00:00:00Z

Training for 2025-01-24T00:00:00Z
Training for 2025-01-25T00:00:00Z
Training for 2025-01-26T00:00:00Z
Training for 2025-01-27T00:00:00Z
Training for 2025-01-28T00:00:00Z
Training for 2025-01-29T00:00:00Z
Training for 2025-01-30T00:00:00Z
Training for 2025-01-31T00:00:00Z
Finished training
(array([ 8.02831995e-05,  1.00568134e-05,  5.28382112e-05,  1.79283155e-04,
       -4.15014071e-05]), 0.1256055655108104)
