Getting constants...
Retraining...
Training for 2024-12-01T00:00:00Z
Training for 2024-12-02T00:00:00Z
Training for 2024-12-03T00:00:00Z
Training for 2024-12-04T00:00:00Z
Training for 2024-12-05T00:00:00Z
Training for 2024-12-06T00:00:00Z
Training for 2024-12-07T00:00:00Z
Training for 2024-12-08T00:00:00Z
Training for 2024-12-09T00:00:00Z
Training for 2024-12-10T00:00:00Z
Training forTraining for  2024-12-11T00:00:00Z2024-12-12T00:00:00Z

Training for 2024-12-13T00:00:00Z
Training for 2024-12-14T00:00:00Z
Training for 2024-12-15T00:00:00Z
Training for 2024-12-16T00:00:00Z
Training for 2024-12-17T00:00:00Z
Training for 2024-12-20T00:00:00Z
Training for 2024-12-19T00:00:00Z
Training for 2024-12-18T00:00:00Z
Training for 2024-12-21T00:00:00Z
Training for 2024-12-22T00:00:00Z
Training for 2024-12-23T00:00:00Z
Training for 2024-12-24T00:00:00Z
Training for 2024-12-25T00:00:00Z
Training for 2024-12-26T00:00:00Z
Training for 2024-12-27T00:00:00Z
Training for 2024-12-28T00:00:00Z
Training for 2024-12-29T00:00:00Z
Training for 2024-12-30T00:00:00Z
Training for 2024-12-31T00:00:00Z
Training for 2025-01-01T00:00:00Z
Training for 2025-01-02T00:00:00Z
Training for 2025-01-03T00:00:00Z
Training for 2025-01-04T00:00:00Z
Training for 2025-01-05T00:00:00Z
Training for 2025-01-06T00:00:00Z
Training for 2025-01-07T00:00:00Z
Training for 2025-01-08T00:00:00Z
Training for 2025-01-09T00:00:00Z
Training for 2025-01-10T00:00:00Z
Training for 2025-01-11T00:00:00Z
Training for 2025-01-12T00:00:00Z
Training for 2025-01-13T00:00:00Z
Training for 2025-01-14T00:00:00Z
Training for 2025-01-15T00:00:00Z
Training for 2025-01-16T00:00:00Z
Training for 2025-01-17T00:00:00Z
Training for 2025-01-18T00:00:00Z
Training for 2025-01-19T00:00:00Z
Training for 2025-01-20T00:00:00Z
Training for 2025-01-21T00:00:00Z
Training for 2025-01-22T00:00:00Z
Training for 2025-01-23T00:00:00Z
Training for 2025-01-24T00:00:00Z
Training for 2025-01-25T00:00:00Z
Training for 2025-01-26T00:00:00Z
Training for 2025-01-27T00:00:00Z
Training for 2025-01-28T00:00:00Z
Training for 2025-01-29T00:00:00Z
Training for 2025-01-30T00:00:00Z
Training for 2025-01-31T00:00:00Z
Training for 2025-02-01T00:00:00Z
Training for 2025-02-02T00:00:00Z
Training for 2025-02-03T00:00:00Z
Training for 2025-02-04T00:00:00Z
Training for 2025-02-05T00:00:00Z
Training for 2025-02-06T00:00:00Z
Training for 2025-02-07T00:00:00Z
Training for 2025-02-08T00:00:00Z
Training for 2025-02-09T00:00:00Z
Training for 2025-02-10T00:00:00Z
Training for 2025-02-11T00:00:00Z
Training for 2025-02-12T00:00:00Z
Training for 2025-02-13T00:00:00Z
Training for 2025-02-14T00:00:00Z
Training for 2025-02-15T00:00:00Z
Training for 2025-02-16T00:00:00Z
Training for 2025-02-17T00:00:00Z
Training for 2025-02-18T00:00:00Z
Training for 2025-02-19T00:00:00Z
Training for 2025-02-20T00:00:00Z
Training for 2025-02-21T00:00:00Z
Training for 2025-02-22T00:00:00Z
Training for 2025-02-23T00:00:00Z
Training for 2025-02-24T00:00:00Z
Training for 2025-02-25T00:00:00Z
Training for 2025-02-26T00:00:00Z
Training for 2025-02-27T00:00:00Z
Training for 2025-02-28T00:00:00Z
Finished training
(array([ 5.68302484e-05,  5.30490982e-06,  9.00037235e-05,  1.55830227e-04,
       -3.64932524e-06]), 0.11988567535558509)
