Getting constants...
Retraining...
Training for 2025-02-01T00:00:00Z
Training for 2025-02-02T00:00:00Z
Training for 2025-02-03T00:00:00Z
Training for 2025-02-04T00:00:00Z
Training for 2025-02-05T00:00:00Z
Training for 2025-02-06T00:00:00Z
Training forTraining for  2025-02-07T00:00:00Z2025-02-08T00:00:00Z

Training for 2025-02-09T00:00:00Z
Training for 2025-02-10T00:00:00Z
Training for 2025-02-11T00:00:00Z
Training for 2025-02-12T00:00:00Z
Training for 2025-02-13T00:00:00Z
Training for 2025-02-14T00:00:00Z
Training for 2025-02-15T00:00:00Z
Training for 2025-02-16T00:00:00Z
Training for 2025-02-17T00:00:00Z
Training for 2025-02-19T00:00:00Z
Training for 2025-02-20T00:00:00Z
Training for 2025-02-21T00:00:00Z
Training for 2025-02-18T00:00:00Z
Training for 2025-02-22T00:00:00Z
Training for 2025-02-23T00:00:00Z
Training for 2025-02-24T00:00:00Z
Training for 2025-02-25T00:00:00Z
Training for 2025-02-26T00:00:00Z
Training for 2025-02-27T00:00:00Z
Training for 2025-02-28T00:00:00Z
Finished training
(array([2.70082145e-05, 1.57922324e-05, 6.88504482e-05, 1.26008206e-04,
       9.99999975e-06]), 0.17672068376227149)
