Getting constants...
Retraining...
Training for 2024-12-01T00:00:00Z
Training for 2024-12-02T00:00:00Z
Training for 2024-12-03T00:00:00Z
Training for 2024-12-04T00:00:00Z
Training for 2024-12-05T00:00:00Z
Training for 2024-12-06T00:00:00Z
Training for 2024-12-07T00:00:00Z
Training for 2024-12-08T00:00:00Z
Training for 2024-12-09T00:00:00Z
Training for 2024-12-10T00:00:00Z
Training for 2024-12-11T00:00:00Z
Training for 2024-12-12T00:00:00Z
Training for 2024-12-13T00:00:00Z
Training for 2024-12-14T00:00:00Z
Training for 2024-12-15T00:00:00Z
Training for 2024-12-16T00:00:00Z
Training for 2024-12-17T00:00:00Z
Training for 2024-12-19T00:00:00Z
Training for 2024-12-20T00:00:00Z
Training for 2024-12-21T00:00:00Z
Training for 2024-12-18T00:00:00Z
Training for 2024-12-22T00:00:00Z
Training for 2024-12-23T00:00:00Z
Training for 2024-12-24T00:00:00Z
Training for 2024-12-25T00:00:00Z
Training for 2024-12-26T00:00:00Z
Training for 2024-12-27T00:00:00Z
Training for 2024-12-28T00:00:00Z
Training for 2024-12-29T00:00:00Z
Training for 2024-12-30T00:00:00Z
Training for 2024-12-31T00:00:00Z
Finished training
(array([3.72377375e-05, 3.40189669e-05, 8.32605206e-05, 1.36237715e-04,
       9.99999975e-06]), 0.11503155914045149)
